2024-11-21 15:22:45 - Batch created with token: d3d1b6cef0640e414c98a6a1d8ade5cf
2024-11-21 15:22:59 - File added to batch with token: d3d1b6cef0640e414c98a6a1d8ade5cf
2024-11-21 15:22:59 - File added to batch with token: d3d1b6cef0640e414c98a6a1d8ade5cf
2024-11-21 15:23:53 - Batch created with token: ba33c7de1f949b15bf53f7e76097eeb0
2024-11-21 15:24:00 - File added to batch with token: ba33c7de1f949b15bf53f7e76097eeb0
2024-11-21 15:24:00 - File added to batch with token: ba33c7de1f949b15bf53f7e76097eeb0
2024-11-21 15:24:00 - File added to batch with token: ba33c7de1f949b15bf53f7e76097eeb0

2024-11-21 15:47:34 - Batch created with token: c129503d4324197df7400abcddbb13c6
2024-11-21 15:47:45 - File added to batch with token: c129503d4324197df7400abcddbb13c6
2024-11-21 15:47:45 - File added to batch with token: c129503d4324197df7400abcddbb13c6
2024-11-21 15:47:45 - File added to batch with token: c129503d4324197df7400abcddbb13c6
2024-11-21 15:47:45 - File added to batch with token: c129503d4324197df7400abcddbb13c6
2024-11-21 15:47:45 - File added to batch with token: c129503d4324197df7400abcddbb13c6
2024-11-21 15:48:47 - File link: https://t.me/ISEECloud_bot?start=d3d1b6cef0640e414c98a6a1d8ade5cf for Token: d3d1b6cef0640e414c98a6a1d8ade5cf was sent
2024-11-21 15:48:47 - File link: https://t.me/ISEECloud_bot?start=ba33c7de1f949b15bf53f7e76097eeb0 for Token: ba33c7de1f949b15bf53f7e76097eeb0 was sent
2024-11-21 15:48:47 - File link: https://t.me/ISEECloud_bot?start=c129503d4324197df7400abcddbb13c6 for Token: c129503d4324197df7400abcddbb13c6 was sent
2024-11-21 15:50:48 - File link: https://t.me/ISEECloud_bot?start=d3d1b6cef0640e414c98a6a1d8ade5cf for Token: d3d1b6cef0640e414c98a6a1d8ade5cf was sent
2024-11-21 15:50:48 - File link: https://t.me/ISEECloud_bot?start=ba33c7de1f949b15bf53f7e76097eeb0 for Token: ba33c7de1f949b15bf53f7e76097eeb0 was sent
2024-11-21 15:50:48 - File link: https://t.me/ISEECloud_bot?start=c129503d4324197df7400abcddbb13c6 for Token: c129503d4324197df7400abcddbb13c6 was sent
2024-11-21 15:52:26 - File link: https://t.me/ISEECloud_bot?start=d3d1b6cef0640e414c98a6a1d8ade5cf for Token: d3d1b6cef0640e414c98a6a1d8ade5cf was sent
2024-11-21 15:52:26 - File link: https://t.me/ISEECloud_bot?start=ba33c7de1f949b15bf53f7e76097eeb0 for Token: ba33c7de1f949b15bf53f7e76097eeb0 was sent
2024-11-21 15:52:26 - File link: https://t.me/ISEECloud_bot?start=c129503d4324197df7400abcddbb13c6 for Token: c129503d4324197df7400abcddbb13c6 was sent
2024-11-21 15:52:53 - File link: https://t.me/ISEECloud_bot?start=d3d1b6cef0640e414c98a6a1d8ade5cf for Token: d3d1b6cef0640e414c98a6a1d8ade5cf was sent
2024-11-21 15:52:53 - File link: https://t.me/ISEECloud_bot?start=ba33c7de1f949b15bf53f7e76097eeb0 for Token: ba33c7de1f949b15bf53f7e76097eeb0 was sent
2024-11-21 15:52:53 - File link: https://t.me/ISEECloud_bot?start=c129503d4324197df7400abcddbb13c6 for Token: c129503d4324197df7400abcddbb13c6 was sent
2024-11-21 15:54:16 - File name for token d3d1b6cef0640e414c98a6a1d8ade5cf updated to: /start d3d1b6cef0640e414c98a6a1d8ade5cf
2024-11-21 15:56:34 - File name for token d3d1b6cef0640e414c98a6a1d8ade5cf updated to: Harry Potter and the Philosopher's Stone
2024-11-21 15:57:03 - File name for token ba33c7de1f949b15bf53f7e76097eeb0 updated to: /start d3d1b6cef0640e414c98a6a1d8ade5cf
2024-11-21 15:57:32 - File name for token ba33c7de1f949b15bf53f7e76097eeb0 updated to: Unnamed
2024-11-21 16:01:24 - File name for token ba33c7de1f949b15bf53f7e76097eeb0 updated to: .
2024-11-21 16:02:06 - Single file stored with token: 817cb5cf1df7315b3e1f79f7d8d3fab4
2024-11-21 16:07:24 - File link: https://t.me/ISEECloud_bot?start=d3d1b6cef0640e414c98a6a1d8ade5cf for Token: d3d1b6cef0640e414c98a6a1d8ade5cf was sent
2024-11-21 16:07:24 - File link: https://t.me/ISEECloud_bot?start=ba33c7de1f949b15bf53f7e76097eeb0 for Token: ba33c7de1f949b15bf53f7e76097eeb0 was sent
2024-11-21 16:07:24 - File link: https://t.me/ISEECloud_bot?start=c129503d4324197df7400abcddbb13c6 for Token: c129503d4324197df7400abcddbb13c6 was sent
2024-11-21 16:07:50 - Batch created with token: 6cdc8eb31900d8898f99019bf75b25ba
2024-11-21 16:08:05 - File added to batch with token: 6cdc8eb31900d8898f99019bf75b25ba
2024-11-21 16:08:05 - File added to batch with token: 6cdc8eb31900d8898f99019bf75b25ba
2024-11-21 16:08:05 - File added to batch with token: 6cdc8eb31900d8898f99019bf75b25ba
2024-11-21 16:08:05 - File added to batch with token: 6cdc8eb31900d8898f99019bf75b25ba
2024-11-21 16:08:39 - File link: https://t.me/ISEECloud_bot?start=d3d1b6cef0640e414c98a6a1d8ade5cf for Token: d3d1b6cef0640e414c98a6a1d8ade5cf was sent
2024-11-21 16:08:39 - File link: https://t.me/ISEECloud_bot?start=ba33c7de1f949b15bf53f7e76097eeb0 for Token: ba33c7de1f949b15bf53f7e76097eeb0 was sent
2024-11-21 16:08:39 - File link: https://t.me/ISEECloud_bot?start=c129503d4324197df7400abcddbb13c6 for Token: c129503d4324197df7400abcddbb13c6 was sent
2024-11-21 16:08:39 - File link: https://t.me/ISEECloud_bot?start=6cdc8eb31900d8898f99019bf75b25ba for Token: 6cdc8eb31900d8898f99019bf75b25ba was sent
